# JRE version: Java(TM) SE Runtime Environment (8.0_381) (build 1.8.0_381-b09)
# Java VM: Java HotSpot(TM) 64-Bit Server VM (25.381-b09 mixed mode windows-amd64 compressed oops)
Heap:
 PSYoungGen      total 187904K, used 34406K [0x0000000780400000, 0x000000078e600000, 0x00000007c0000000)
  eden space 175616K, 19% used [0x0000000780400000,0x00000007825999f0,0x000000078af80000)
  from space 12288K, 0% used [0x000000078da00000,0x000000078da00000,0x000000078e600000)
  to   space 21504K, 0% used [0x000000078bc00000,0x000000078bc00000,0x000000078d100000)
 ParOldGen       total 104960K, used 23739K [0x0000000700c00000, 0x0000000707280000, 0x0000000780400000)
  object space 104960K, 22% used [0x0000000700c00000,0x000000070232ee78,0x0000000707280000)
 Metaspace       used 36320K, capacity 37544K, committed 37928K, reserved 1081344K
  class space    used 4764K, capacity 5043K, committed 5168K, reserved 1048576K
GC Heap History (10 events):
Event: 9.551 GC heap before
{Heap before GC invocations=4 (full 0):
 PSYoungGen      total 57344K, used 57341K [0x0000000780400000, 0x0000000787400000, 0x00000007c0000000)
  eden space 49152K, 100% used [0x0000000780400000,0x0000000783400000,0x0000000783400000)
  from space 8192K, 99% used [0x0000000783400000,0x0000000783bff528,0x0000000783c00000)
  to   space 8192K, 0% used [0x0000000786c00000,0x0000000786c00000,0x0000000787400000)
 ParOldGen       total 131072K, used 18357K [0x0000000700c00000, 0x0000000708c00000, 0x0000000780400000)
  object space 131072K, 14% used [0x0000000700c00000,0x0000000701ded548,0x0000000708c00000)
 Metaspace       used 15669K, capacity 15896K, committed 16256K, reserved 1062912K
  class space    used 1770K, capacity 1846K, committed 1920K, reserved 1048576K
Event: 9.567 GC heap after
Heap after GC invocations=4 (full 0):
 PSYoungGen      total 106496K, used 8189K [0x0000000780400000, 0x0000000787400000, 0x00000007c0000000)
  eden space 98304K, 0% used [0x0000000780400000,0x0000000780400000,0x0000000786400000)
  from space 8192K, 99% used [0x0000000786c00000,0x00000007873ff548,0x0000000787400000)
  to   space 8192K, 0% used [0x0000000786400000,0x0000000786400000,0x0000000786c00000)
 ParOldGen       total 131072K, used 26929K [0x0000000700c00000, 0x0000000708c00000, 0x0000000780400000)
  object space 131072K, 20% used [0x0000000700c00000,0x000000070264c400,0x0000000708c00000)
 Metaspace       used 15669K, capacity 15896K, committed 16256K, reserved 1062912K
  class space    used 1770K, capacity 1846K, committed 1920K, reserved 1048576K
}
Event: 9.997 GC heap before
{Heap before GC invocations=5 (full 0):
 PSYoungGen      total 106496K, used 22855K [0x0000000780400000, 0x0000000787400000, 0x00000007c0000000)
  eden space 98304K, 14% used [0x0000000780400000,0x0000000781252798,0x0000000786400000)
  from space 8192K, 99% used [0x0000000786c00000,0x00000007873ff548,0x0000000787400000)
  to   space 8192K, 0% used [0x0000000786400000,0x0000000786400000,0x0000000786c00000)
 ParOldGen       total 131072K, used 26929K [0x0000000700c00000, 0x0000000708c00000, 0x0000000780400000)
  object space 131072K, 20% used [0x0000000700c00000,0x000000070264c400,0x0000000708c00000)
 Metaspace       used 20772K, capacity 21186K, committed 21296K, reserved 1069056K
  class space    used 2433K, capacity 2576K, committed 2608K, reserved 1048576K
Event: 10.006 GC heap after
Heap after GC invocations=5 (full 0):
 PSYoungGen      total 106496K, used 8173K [0x0000000780400000, 0x000000078f000000, 0x00000007c0000000)
  eden space 98304K, 0% used [0x0000000780400000,0x0000000780400000,0x0000000786400000)
  from space 8192K, 99% used [0x0000000786400000,0x0000000786bfb548,0x0000000786c00000)
  to   space 22528K, 0% used [0x000000078da00000,0x000000078da00000,0x000000078f000000)
 ParOldGen       total 131072K, used 29206K [0x0000000700c00000, 0x0000000708c00000, 0x0000000780400000)
  object space 131072K, 22% used [0x0000000700c00000,0x0000000702885bc0,0x0000000708c00000)
 Metaspace       used 20772K, capacity 21186K, committed 21296K, reserved 1069056K
  class space    used 2433K, capacity 2576K, committed 2608K, reserved 1048576K
}
Event: 10.006 GC heap before
{Heap before GC invocations=6 (full 1):
 PSYoungGen      total 106496K, used 8173K [0x0000000780400000, 0x000000078f000000, 0x00000007c0000000)
  eden space 98304K, 0% used [0x0000000780400000,0x0000000780400000,0x0000000786400000)
  from space 8192K, 99% used [0x0000000786400000,0x0000000786bfb548,0x0000000786c00000)
  to   space 22528K, 0% used [0x000000078da00000,0x000000078da00000,0x000000078f000000)
 ParOldGen       total 131072K, used 29206K [0x0000000700c00000, 0x0000000708c00000, 0x0000000780400000)
  object space 131072K, 22% used [0x0000000700c00000,0x0000000702885bc0,0x0000000708c00000)
 Metaspace       used 20772K, capacity 21186K, committed 21296K, reserved 1069056K
  class space    used 2433K, capacity 2576K, committed 2608K, reserved 1048576K
Event: 10.055 GC heap after
Heap after GC invocations=6 (full 1):
 PSYoungGen      total 106496K, used 0K [0x0000000780400000, 0x000000078f000000, 0x00000007c0000000)
  eden space 98304K, 0% used [0x0000000780400000,0x0000000780400000,0x0000000786400000)
  from space 8192K, 0% used [0x0000000786400000,0x0000000786400000,0x0000000786c00000)
  to   space 22528K, 0% used [0x000000078da00000,0x000000078da00000,0x000000078f000000)
 ParOldGen       total 95744K, used 23828K [0x0000000700c00000, 0x0000000706980000, 0x0000000780400000)
  object space 95744K, 24% used [0x0000000700c00000,0x0000000702345198,0x0000000706980000)
 Metaspace       used 20772K, capacity 21186K, committed 21296K, reserved 1069056K
  class space    used 2433K, capacity 2576K, committed 2608K, reserved 1048576K
}
Event: 48.205 GC heap before
{Heap before GC invocations=7 (full 1):
 PSYoungGen      total 106496K, used 58331K [0x0000000780400000, 0x000000078f000000, 0x00000007c0000000)
  eden space 98304K, 59% used [0x0000000780400000,0x0000000783cf6dd0,0x0000000786400000)
  from space 8192K, 0% used [0x0000000786400000,0x0000000786400000,0x0000000786c00000)
  to   space 22528K, 0% used [0x000000078da00000,0x000000078da00000,0x000000078f000000)
 ParOldGen       total 95744K, used 23828K [0x0000000700c00000, 0x0000000706980000, 0x0000000780400000)
  object space 95744K, 24% used [0x0000000700c00000,0x0000000702345198,0x0000000706980000)
 Metaspace       used 34091K, capacity 35264K, committed 35496K, reserved 1079296K
  class space    used 4520K, capacity 4781K, committed 4784K, reserved 1048576K
Event: 48.213 GC heap after
Heap after GC invocations=7 (full 1):
 PSYoungGen      total 187904K, used 11860K [0x0000000780400000, 0x000000078e600000, 0x00000007c0000000)
  eden space 175616K, 0% used [0x0000000780400000,0x0000000780400000,0x000000078af80000)
  from space 12288K, 96% used [0x000000078da00000,0x000000078e595228,0x000000078e600000)
  to   space 21504K, 0% used [0x000000078bc00000,0x000000078bc00000,0x000000078d100000)
 ParOldGen       total 95744K, used 23836K [0x0000000700c00000, 0x0000000706980000, 0x0000000780400000)
  object space 95744K, 24% used [0x0000000700c00000,0x0000000702347198,0x0000000706980000)
 Metaspace       used 34091K, capacity 35264K, committed 35496K, reserved 1079296K
  class space    used 4520K, capacity 4781K, committed 4784K, reserved 1048576K
}
Event: 48.213 GC heap before
{Heap before GC invocations=8 (full 2):
 PSYoungGen      total 187904K, used 11860K [0x0000000780400000, 0x000000078e600000, 0x00000007c0000000)
  eden space 175616K, 0% used [0x0000000780400000,0x0000000780400000,0x000000078af80000)
  from space 12288K, 96% used [0x000000078da00000,0x000000078e595228,0x000000078e600000)
  to   space 21504K, 0% used [0x000000078bc00000,0x000000078bc00000,0x000000078d100000)
 ParOldGen       total 95744K, used 23836K [0x0000000700c00000, 0x0000000706980000, 0x0000000780400000)
  object space 95744K, 24% used [0x0000000700c00000,0x0000000702347198,0x0000000706980000)
 Metaspace       used 34091K, capacity 35264K, committed 35496K, reserved 1079296K
  class space    used 4520K, capacity 4781K, committed 4784K, reserved 1048576K
Event: 48.272 GC heap after
Heap after GC invocations=8 (full 2):
 PSYoungGen      total 187904K, used 0K [0x0000000780400000, 0x000000078e600000, 0x00000007c0000000)
  eden space 175616K, 0% used [0x0000000780400000,0x0000000780400000,0x000000078af80000)
  from space 12288K, 0% used [0x000000078da00000,0x000000078da00000,0x000000078e600000)
  to   space 21504K, 0% used [0x000000078bc00000,0x000000078bc00000,0x000000078d100000)
 ParOldGen       total 104960K, used 23739K [0x0000000700c00000, 0x0000000707280000, 0x0000000780400000)
  object space 104960K, 22% used [0x0000000700c00000,0x000000070232ee78,0x0000000707280000)
 Metaspace       used 34091K, capacity 35264K, committed 35496K, reserved 1079296K
  class space    used 4520K, capacity 4781K, committed 4784K, reserved 1048576K
}

