# JRE version: Java(TM) SE Runtime Environment (8.0_381) (build 1.8.0_381-b09)
# Java VM: Java HotSpot(TM) 64-Bit Server VM (25.381-b09 mixed mode windows-amd64 compressed oops)
Heap:
 PSYoungGen      total 106496K, used 78788K [0x0000000780400000, 0x000000078f000000, 0x00000007c0000000)
  eden space 98304K, 80% used [0x0000000780400000,0x00000007850f13e0,0x0000000786400000)
  from space 8192K, 0% used [0x0000000786400000,0x0000000786400000,0x0000000786c00000)
  to   space 22528K, 0% used [0x000000078da00000,0x000000078da00000,0x000000078f000000)
 ParOldGen       total 90112K, used 18558K [0x0000000700c00000, 0x0000000706400000, 0x0000000780400000)
  object space 90112K, 20% used [0x0000000700c00000,0x0000000701e1f9a0,0x0000000706400000)
 Metaspace       used 31198K, capacity 32324K, committed 32432K, reserved 1077248K
  class space    used 3970K, capacity 4223K, committed 4272K, reserved 1048576K
GC Heap History (10 events):
Event: 9.769 GC heap before
{Heap before GC invocations=2 (full 0):
 PSYoungGen      total 57344K, used 57312K [0x0000000780400000, 0x0000000784400000, 0x00000007c0000000)
  eden space 49152K, 100% used [0x0000000780400000,0x0000000783400000,0x0000000783400000)
  from space 8192K, 99% used [0x0000000783400000,0x0000000783bf8190,0x0000000783c00000)
  to   space 8192K, 0% used [0x0000000783c00000,0x0000000783c00000,0x0000000784400000)
 ParOldGen       total 131072K, used 198K [0x0000000700c00000, 0x0000000708c00000, 0x0000000780400000)
  object space 131072K, 0% used [0x0000000700c00000,0x0000000700c31a50,0x0000000708c00000)
 Metaspace       used 7709K, capacity 7854K, committed 8192K, reserved 1056768K
  class space    used 877K, capacity 920K, committed 1024K, reserved 1048576K
Event: 9.787 GC heap after
Heap after GC invocations=2 (full 0):
 PSYoungGen      total 57344K, used 8165K [0x0000000780400000, 0x0000000787400000, 0x00000007c0000000)
  eden space 49152K, 0% used [0x0000000780400000,0x0000000780400000,0x0000000783400000)
  from space 8192K, 99% used [0x0000000783c00000,0x00000007843f9508,0x0000000784400000)
  to   space 8192K, 0% used [0x0000000783400000,0x0000000783400000,0x0000000783c00000)
 ParOldGen       total 131072K, used 8319K [0x0000000700c00000, 0x0000000708c00000, 0x0000000780400000)
  object space 131072K, 6% used [0x0000000700c00000,0x000000070141fee0,0x0000000708c00000)
 Metaspace       used 7709K, capacity 7854K, committed 8192K, reserved 1056768K
  class space    used 877K, capacity 920K, committed 1024K, reserved 1048576K
}
Event: 10.145 GC heap before
{Heap before GC invocations=3 (full 0):
 PSYoungGen      total 57344K, used 57317K [0x0000000780400000, 0x0000000787400000, 0x00000007c0000000)
  eden space 49152K, 100% used [0x0000000780400000,0x0000000783400000,0x0000000783400000)
  from space 8192K, 99% used [0x0000000783c00000,0x00000007843f9508,0x0000000784400000)
  to   space 8192K, 0% used [0x0000000783400000,0x0000000783400000,0x0000000783c00000)
 ParOldGen       total 131072K, used 8319K [0x0000000700c00000, 0x0000000708c00000, 0x0000000780400000)
  object space 131072K, 6% used [0x0000000700c00000,0x000000070141fee0,0x0000000708c00000)
 Metaspace       used 7710K, capacity 7854K, committed 8192K, reserved 1056768K
  class space    used 877K, capacity 920K, committed 1024K, reserved 1048576K
Event: 10.163 GC heap after
Heap after GC invocations=3 (full 0):
 PSYoungGen      total 57344K, used 8173K [0x0000000780400000, 0x0000000787400000, 0x00000007c0000000)
  eden space 49152K, 0% used [0x0000000780400000,0x0000000780400000,0x0000000783400000)
  from space 8192K, 99% used [0x0000000783400000,0x0000000783bfb518,0x0000000783c00000)
  to   space 8192K, 0% used [0x0000000786c00000,0x0000000786c00000,0x0000000787400000)
 ParOldGen       total 131072K, used 19261K [0x0000000700c00000, 0x0000000708c00000, 0x0000000780400000)
  object space 131072K, 14% used [0x0000000700c00000,0x0000000701ecf718,0x0000000708c00000)
 Metaspace       used 7710K, capacity 7854K, committed 8192K, reserved 1056768K
  class space    used 877K, capacity 920K, committed 1024K, reserved 1048576K
}
Event: 11.759 GC heap before
{Heap before GC invocations=4 (full 0):
 PSYoungGen      total 57344K, used 57325K [0x0000000780400000, 0x0000000787400000, 0x00000007c0000000)
  eden space 49152K, 100% used [0x0000000780400000,0x0000000783400000,0x0000000783400000)
  from space 8192K, 99% used [0x0000000783400000,0x0000000783bfb518,0x0000000783c00000)
  to   space 8192K, 0% used [0x0000000786c00000,0x0000000786c00000,0x0000000787400000)
 ParOldGen       total 131072K, used 19261K [0x0000000700c00000, 0x0000000708c00000, 0x0000000780400000)
  object space 131072K, 14% used [0x0000000700c00000,0x0000000701ecf718,0x0000000708c00000)
 Metaspace       used 16192K, capacity 16484K, committed 16768K, reserved 1064960K
  class space    used 1826K, capacity 1898K, committed 1920K, reserved 1048576K
Event: 11.777 GC heap after
Heap after GC invocations=4 (full 0):
 PSYoungGen      total 106496K, used 8185K [0x0000000780400000, 0x0000000787400000, 0x00000007c0000000)
  eden space 98304K, 0% used [0x0000000780400000,0x0000000780400000,0x0000000786400000)
  from space 8192K, 99% used [0x0000000786c00000,0x00000007873fe6f0,0x0000000787400000)
  to   space 8192K, 0% used [0x0000000786400000,0x0000000786400000,0x0000000786c00000)
 ParOldGen       total 131072K, used 27701K [0x0000000700c00000, 0x0000000708c00000, 0x0000000780400000)
  object space 131072K, 21% used [0x0000000700c00000,0x000000070270d5d8,0x0000000708c00000)
 Metaspace       used 16192K, capacity 16484K, committed 16768K, reserved 1064960K
  class space    used 1826K, capacity 1898K, committed 1920K, reserved 1048576K
}
Event: 12.150 GC heap before
{Heap before GC invocations=5 (full 0):
 PSYoungGen      total 106496K, used 21911K [0x0000000780400000, 0x0000000787400000, 0x00000007c0000000)
  eden space 98304K, 13% used [0x0000000780400000,0x0000000781167768,0x0000000786400000)
  from space 8192K, 99% used [0x0000000786c00000,0x00000007873fe6f0,0x0000000787400000)
  to   space 8192K, 0% used [0x0000000786400000,0x0000000786400000,0x0000000786c00000)
 ParOldGen       total 131072K, used 27701K [0x0000000700c00000, 0x0000000708c00000, 0x0000000780400000)
  object space 131072K, 21% used [0x0000000700c00000,0x000000070270d5d8,0x0000000708c00000)
 Metaspace       used 20835K, capacity 21192K, committed 21296K, reserved 1069056K
  class space    used 2450K, capacity 2577K, committed 2608K, reserved 1048576K
Event: 12.171 GC heap after
Heap after GC invocations=5 (full 0):
 PSYoungGen      total 106496K, used 8189K [0x0000000780400000, 0x000000078f000000, 0x00000007c0000000)
  eden space 98304K, 0% used [0x0000000780400000,0x0000000780400000,0x0000000786400000)
  from space 8192K, 99% used [0x0000000786400000,0x0000000786bff690,0x0000000786c00000)
  to   space 22528K, 0% used [0x000000078da00000,0x000000078da00000,0x000000078f000000)
 ParOldGen       total 131072K, used 29818K [0x0000000700c00000, 0x0000000708c00000, 0x0000000780400000)
  object space 131072K, 22% used [0x0000000700c00000,0x000000070291e9e0,0x0000000708c00000)
 Metaspace       used 20835K, capacity 21192K, committed 21296K, reserved 1069056K
  class space    used 2450K, capacity 2577K, committed 2608K, reserved 1048576K
}
Event: 12.171 GC heap before
{Heap before GC invocations=6 (full 1):
 PSYoungGen      total 106496K, used 8189K [0x0000000780400000, 0x000000078f000000, 0x00000007c0000000)
  eden space 98304K, 0% used [0x0000000780400000,0x0000000780400000,0x0000000786400000)
  from space 8192K, 99% used [0x0000000786400000,0x0000000786bff690,0x0000000786c00000)
  to   space 22528K, 0% used [0x000000078da00000,0x000000078da00000,0x000000078f000000)
 ParOldGen       total 131072K, used 29818K [0x0000000700c00000, 0x0000000708c00000, 0x0000000780400000)
  object space 131072K, 22% used [0x0000000700c00000,0x000000070291e9e0,0x0000000708c00000)
 Metaspace       used 20835K, capacity 21192K, committed 21296K, reserved 1069056K
  class space    used 2450K, capacity 2577K, committed 2608K, reserved 1048576K
Event: 12.234 GC heap after
Heap after GC invocations=6 (full 1):
 PSYoungGen      total 106496K, used 0K [0x0000000780400000, 0x000000078f000000, 0x00000007c0000000)
  eden space 98304K, 0% used [0x0000000780400000,0x0000000780400000,0x0000000786400000)
  from space 8192K, 0% used [0x0000000786400000,0x0000000786400000,0x0000000786c00000)
  to   space 22528K, 0% used [0x000000078da00000,0x000000078da00000,0x000000078f000000)
 ParOldGen       total 90112K, used 18558K [0x0000000700c00000, 0x0000000706400000, 0x0000000780400000)
  object space 90112K, 20% used [0x0000000700c00000,0x0000000701e1f9a0,0x0000000706400000)
 Metaspace       used 20835K, capacity 21192K, committed 21296K, reserved 1069056K
  class space    used 2450K, capacity 2577K, committed 2608K, reserved 1048576K
}

